WARN  | 2022-05-28 16:35:09 | [main] support.AbstractApplicationContext (AbstractApplicationContext.java:559) - Exception encountered during context initialization - cancelling refresh attempt: org.springframework.beans.factory.UnsatisfiedDependencyException: Error creating bean with name 'productDaoJdbcImpl' defined in file [/home/raj/Documents/spring_lab/core/08_productapp_jdbc/target/classes/com/productapp/dao/ProductDaoJdbcImpl.class]: Unsatisfied dependency expressed through constructor parameter 0; nested exception is org.springframework.beans.factory.NoSuchBeanDefinitionException: No qualifying bean of type 'java.sql.Connection' available: expected at least 1 bean which qualifies as autowire candidate. Dependency annotations: {}
INFO  | 2022-05-28 17:23:53 | [main] hibernate.Version (Version.java:45) - HHH000412: Hibernate Core {5.2.9.Final}
INFO  | 2022-05-28 17:23:53 | [main] cfg.Environment (Environment.java:213) - HHH000206: hibernate.properties not found
INFO  | 2022-05-28 17:23:53 | [main] java.JavaReflectionManager (JavaReflectionManager.java:66) - HCANN000001: Hibernate Commons Annotations {5.0.1.Final}
INFO  | 2022-05-28 17:23:53 | [main] dialect.Dialect (Dialect.java:157) - HHH000400: Using dialect: org.hibernate.dialect.MySQL57Dialect
WARN  | 2022-05-28 17:23:53 | [main] support.AbstractApplicationContext (AbstractApplicationContext.java:559) - Exception encountered during context initialization - cancelling refresh attempt: org.springframework.beans.factory.UnsatisfiedDependencyException: Error creating bean with name 'productDaoImpl' defined in file [/home/raj/Documents/spring_lab/core/11_productapp_hibernate/target/classes/com/productapp/dao/ProductDaoImpl.class]: Unsatisfied dependency expressed through constructor parameter 0; nested exception is org.springframework.beans.factory.BeanCreationException: Error creating bean with name 'sf' defined in class path resource [productapp.xml]: Invocation of init method failed; nested exception is org.hibernate.MappingException: Could not get constructor for org.hibernate.persister.entity.SingleTableEntityPersister
INFO  | 2022-05-28 17:25:33 | [main] hibernate.Version (Version.java:45) - HHH000412: Hibernate Core {5.2.9.Final}
INFO  | 2022-05-28 17:25:33 | [main] cfg.Environment (Environment.java:213) - HHH000206: hibernate.properties not found
INFO  | 2022-05-28 17:25:33 | [main] java.JavaReflectionManager (JavaReflectionManager.java:66) - HCANN000001: Hibernate Commons Annotations {5.0.1.Final}
INFO  | 2022-05-28 17:25:33 | [main] dialect.Dialect (Dialect.java:157) - HHH000400: Using dialect: org.hibernate.dialect.MySQL57Dialect
INFO  | 2022-05-28 17:32:41 | [main] hibernate.Version (Version.java:45) - HHH000412: Hibernate Core {5.2.9.Final}
INFO  | 2022-05-28 17:32:41 | [main] cfg.Environment (Environment.java:213) - HHH000206: hibernate.properties not found
INFO  | 2022-05-28 17:32:42 | [main] java.JavaReflectionManager (JavaReflectionManager.java:66) - HCANN000001: Hibernate Commons Annotations {5.0.1.Final}
INFO  | 2022-05-28 17:32:42 | [main] dialect.Dialect (Dialect.java:157) - HHH000400: Using dialect: org.hibernate.dialect.MySQL5Dialect
WARN  | 2022-05-28 17:32:42 | [main] support.AbstractApplicationContext (AbstractApplicationContext.java:559) - Exception encountered during context initialization - cancelling refresh attempt: org.springframework.beans.factory.BeanCreationException: Error creating bean with name 'getHibernateTransactionManager' defined in com.productapp.config.AppConfig: Invocation of init method failed; nested exception is java.lang.IllegalArgumentException: Property 'sessionFactory' is required
INFO  | 2022-05-28 17:33:42 | [main] hibernate.Version (Version.java:45) - HHH000412: Hibernate Core {5.2.9.Final}
INFO  | 2022-05-28 17:33:42 | [main] cfg.Environment (Environment.java:213) - HHH000206: hibernate.properties not found
INFO  | 2022-05-28 17:33:42 | [main] java.JavaReflectionManager (JavaReflectionManager.java:66) - HCANN000001: Hibernate Commons Annotations {5.0.1.Final}
INFO  | 2022-05-28 17:33:42 | [main] dialect.Dialect (Dialect.java:157) - HHH000400: Using dialect: org.hibernate.dialect.MySQL5Dialect
INFO  | 2022-08-18 22:28:06 | [main] hibernate.Version (Version.java:45) - HHH000412: Hibernate Core {5.2.9.Final}
INFO  | 2022-08-18 22:28:06 | [main] cfg.Environment (Environment.java:213) - HHH000206: hibernate.properties not found
INFO  | 2022-08-18 22:28:06 | [main] java.JavaReflectionManager (JavaReflectionManager.java:66) - HCANN000001: Hibernate Commons Annotations {5.0.1.Final}
INFO  | 2022-08-18 22:28:07 | [main] dialect.Dialect (Dialect.java:157) - HHH000400: Using dialect: org.hibernate.dialect.Oracle10gDialect
INFO  | 2022-08-18 22:31:31 | [main] hibernate.Version (Version.java:45) - HHH000412: Hibernate Core {5.2.9.Final}
INFO  | 2022-08-18 22:31:31 | [main] cfg.Environment (Environment.java:213) - HHH000206: hibernate.properties not found
INFO  | 2022-08-18 22:31:31 | [main] java.JavaReflectionManager (JavaReflectionManager.java:66) - HCANN000001: Hibernate Commons Annotations {5.0.1.Final}
INFO  | 2022-08-18 22:31:32 | [main] dialect.Dialect (Dialect.java:157) - HHH000400: Using dialect: org.hibernate.dialect.Oracle10gDialect
WARN  | 2022-08-18 22:31:32 | [main] spi.SqlExceptionHelper (SqlExceptionHelper.java:129) - SQL Error: 1400, SQLState: 23000
ERROR | 2022-08-18 22:31:32 | [main] spi.SqlExceptionHelper (SqlExceptionHelper.java:131) - ORA-01400: cannot insert NULL into ("HR"."PRODUCT_TABLE"."ID")

INFO  | 2022-08-18 22:33:05 | [main] hibernate.Version (Version.java:45) - HHH000412: Hibernate Core {5.2.9.Final}
INFO  | 2022-08-18 22:33:05 | [main] cfg.Environment (Environment.java:213) - HHH000206: hibernate.properties not found
INFO  | 2022-08-18 22:33:05 | [main] java.JavaReflectionManager (JavaReflectionManager.java:66) - HCANN000001: Hibernate Commons Annotations {5.0.1.Final}
INFO  | 2022-08-18 22:33:06 | [main] dialect.Dialect (Dialect.java:157) - HHH000400: Using dialect: org.hibernate.dialect.Oracle10gDialect
WARN  | 2022-08-18 22:33:06 | [main] spi.SqlExceptionHelper (SqlExceptionHelper.java:129) - SQL Error: 942, SQLState: 42000
ERROR | 2022-08-18 22:33:06 | [main] spi.SqlExceptionHelper (SqlExceptionHelper.java:131) - ORA-00942: table or view does not exist

INFO  | 2022-08-18 22:33:50 | [main] hibernate.Version (Version.java:45) - HHH000412: Hibernate Core {5.2.9.Final}
INFO  | 2022-08-18 22:33:50 | [main] cfg.Environment (Environment.java:213) - HHH000206: hibernate.properties not found
INFO  | 2022-08-18 22:33:50 | [main] java.JavaReflectionManager (JavaReflectionManager.java:66) - HCANN000001: Hibernate Commons Annotations {5.0.1.Final}
INFO  | 2022-08-18 22:33:51 | [main] dialect.Dialect (Dialect.java:157) - HHH000400: Using dialect: org.hibernate.dialect.Oracle10gDialect
WARN  | 2022-08-18 22:33:51 | [main] spi.SqlExceptionHelper (SqlExceptionHelper.java:129) - SQL Error: 942, SQLState: 42000
ERROR | 2022-08-18 22:33:51 | [main] spi.SqlExceptionHelper (SqlExceptionHelper.java:131) - ORA-00942: table or view does not exist

INFO  | 2022-08-18 22:33:51 | [main] internal.AbstractBatchImpl (AbstractBatchImpl.java:193) - HHH000010: On release of batch it still contained JDBC statements
ERROR | 2022-08-18 22:33:51 | [main] internal.ExceptionMapperStandardImpl (ExceptionMapperStandardImpl.java:39) - HHH000346: Error during managed flush [org.hibernate.exception.SQLGrammarException: could not execute statement]
INFO  | 2022-08-18 22:35:05 | [main] hibernate.Version (Version.java:45) - HHH000412: Hibernate Core {5.2.9.Final}
INFO  | 2022-08-18 22:35:05 | [main] cfg.Environment (Environment.java:213) - HHH000206: hibernate.properties not found
INFO  | 2022-08-18 22:35:05 | [main] java.JavaReflectionManager (JavaReflectionManager.java:66) - HCANN000001: Hibernate Commons Annotations {5.0.1.Final}
INFO  | 2022-08-18 22:35:05 | [main] dialect.Dialect (Dialect.java:157) - HHH000400: Using dialect: org.hibernate.dialect.Oracle10gDialect
WARN  | 2022-08-18 22:35:06 | [main] spi.SqlExceptionHelper (SqlExceptionHelper.java:129) - SQL Error: 942, SQLState: 42000
ERROR | 2022-08-18 22:35:06 | [main] spi.SqlExceptionHelper (SqlExceptionHelper.java:131) - ORA-00942: table or view does not exist

INFO  | 2022-08-18 22:35:06 | [main] internal.AbstractBatchImpl (AbstractBatchImpl.java:193) - HHH000010: On release of batch it still contained JDBC statements
ERROR | 2022-08-18 22:35:06 | [main] internal.ExceptionMapperStandardImpl (ExceptionMapperStandardImpl.java:39) - HHH000346: Error during managed flush [org.hibernate.exception.SQLGrammarException: could not execute statement]
INFO  | 2022-08-18 22:37:09 | [main] hibernate.Version (Version.java:45) - HHH000412: Hibernate Core {5.2.9.Final}
INFO  | 2022-08-18 22:37:09 | [main] cfg.Environment (Environment.java:213) - HHH000206: hibernate.properties not found
INFO  | 2022-08-18 22:37:09 | [main] java.JavaReflectionManager (JavaReflectionManager.java:66) - HCANN000001: Hibernate Commons Annotations {5.0.1.Final}
INFO  | 2022-08-18 22:37:09 | [main] dialect.Dialect (Dialect.java:157) - HHH000400: Using dialect: org.hibernate.dialect.Oracle10gDialect
WARN  | 2022-08-18 22:37:10 | [main] spi.SqlExceptionHelper (SqlExceptionHelper.java:129) - SQL Error: 942, SQLState: 42000
ERROR | 2022-08-18 22:37:10 | [main] spi.SqlExceptionHelper (SqlExceptionHelper.java:131) - ORA-00942: table or view does not exist

INFO  | 2022-08-18 22:37:10 | [main] internal.AbstractBatchImpl (AbstractBatchImpl.java:193) - HHH000010: On release of batch it still contained JDBC statements
ERROR | 2022-08-18 22:37:10 | [main] internal.ExceptionMapperStandardImpl (ExceptionMapperStandardImpl.java:39) - HHH000346: Error during managed flush [org.hibernate.exception.SQLGrammarException: could not execute statement]
INFO  | 2022-08-18 22:56:44 | [main] hibernate.Version (Version.java:45) - HHH000412: Hibernate Core {5.2.9.Final}
INFO  | 2022-08-18 22:56:44 | [main] cfg.Environment (Environment.java:213) - HHH000206: hibernate.properties not found
INFO  | 2022-08-18 22:56:44 | [main] java.JavaReflectionManager (JavaReflectionManager.java:66) - HCANN000001: Hibernate Commons Annotations {5.0.1.Final}
INFO  | 2022-08-18 22:56:44 | [main] dialect.Dialect (Dialect.java:157) - HHH000400: Using dialect: org.hibernate.dialect.Oracle10gDialect
WARN  | 2022-08-18 22:56:45 | [main] spi.SqlExceptionHelper (SqlExceptionHelper.java:129) - SQL Error: 942, SQLState: 42000
ERROR | 2022-08-18 22:56:45 | [main] spi.SqlExceptionHelper (SqlExceptionHelper.java:131) - ORA-00942: table or view does not exist

INFO  | 2022-08-18 22:56:45 | [main] internal.AbstractBatchImpl (AbstractBatchImpl.java:193) - HHH000010: On release of batch it still contained JDBC statements
ERROR | 2022-08-18 22:56:45 | [main] internal.ExceptionMapperStandardImpl (ExceptionMapperStandardImpl.java:39) - HHH000346: Error during managed flush [org.hibernate.exception.SQLGrammarException: could not execute statement]
INFO  | 2022-08-18 23:00:07 | [main] hibernate.Version (Version.java:45) - HHH000412: Hibernate Core {5.2.9.Final}
INFO  | 2022-08-18 23:00:07 | [main] cfg.Environment (Environment.java:213) - HHH000206: hibernate.properties not found
INFO  | 2022-08-18 23:00:07 | [main] java.JavaReflectionManager (JavaReflectionManager.java:66) - HCANN000001: Hibernate Commons Annotations {5.0.1.Final}
INFO  | 2022-08-18 23:00:08 | [main] dialect.Dialect (Dialect.java:157) - HHH000400: Using dialect: org.hibernate.dialect.Oracle10gDialect
WARN  | 2022-08-18 23:00:08 | [main] spi.SqlExceptionHelper (SqlExceptionHelper.java:129) - SQL Error: 942, SQLState: 42000
ERROR | 2022-08-18 23:00:08 | [main] spi.SqlExceptionHelper (SqlExceptionHelper.java:131) - ORA-00942: table or view does not exist

INFO  | 2022-08-18 23:00:08 | [main] internal.AbstractBatchImpl (AbstractBatchImpl.java:193) - HHH000010: On release of batch it still contained JDBC statements
ERROR | 2022-08-18 23:00:08 | [main] internal.ExceptionMapperStandardImpl (ExceptionMapperStandardImpl.java:39) - HHH000346: Error during managed flush [org.hibernate.exception.SQLGrammarException: could not execute statement]
INFO  | 2022-08-18 23:00:31 | [main] hibernate.Version (Version.java:45) - HHH000412: Hibernate Core {5.2.9.Final}
INFO  | 2022-08-18 23:00:31 | [main] cfg.Environment (Environment.java:213) - HHH000206: hibernate.properties not found
INFO  | 2022-08-18 23:00:31 | [main] java.JavaReflectionManager (JavaReflectionManager.java:66) - HCANN000001: Hibernate Commons Annotations {5.0.1.Final}
INFO  | 2022-08-18 23:00:31 | [main] dialect.Dialect (Dialect.java:157) - HHH000400: Using dialect: org.hibernate.dialect.Oracle10gDialect
WARN  | 2022-08-18 23:00:32 | [main] spi.SqlExceptionHelper (SqlExceptionHelper.java:129) - SQL Error: 942, SQLState: 42000
ERROR | 2022-08-18 23:00:32 | [main] spi.SqlExceptionHelper (SqlExceptionHelper.java:131) - ORA-00942: table or view does not exist

INFO  | 2022-08-18 23:00:32 | [main] internal.AbstractBatchImpl (AbstractBatchImpl.java:193) - HHH000010: On release of batch it still contained JDBC statements
ERROR | 2022-08-18 23:00:32 | [main] internal.ExceptionMapperStandardImpl (ExceptionMapperStandardImpl.java:39) - HHH000346: Error during managed flush [org.hibernate.exception.SQLGrammarException: could not execute statement]
INFO  | 2022-08-18 23:12:07 | [main] hibernate.Version (Version.java:45) - HHH000412: Hibernate Core {5.2.9.Final}
INFO  | 2022-08-18 23:12:07 | [main] cfg.Environment (Environment.java:213) - HHH000206: hibernate.properties not found
INFO  | 2022-08-18 23:12:07 | [main] java.JavaReflectionManager (JavaReflectionManager.java:66) - HCANN000001: Hibernate Commons Annotations {5.0.1.Final}
INFO  | 2022-08-18 23:12:07 | [main] dialect.Dialect (Dialect.java:157) - HHH000400: Using dialect: org.hibernate.dialect.Oracle10gDialect
WARN  | 2022-08-18 23:12:07 | [main] spi.SqlExceptionHelper (SqlExceptionHelper.java:129) - SQL Error: 942, SQLState: 42000
ERROR | 2022-08-18 23:12:07 | [main] spi.SqlExceptionHelper (SqlExceptionHelper.java:131) - ORA-00942: table or view does not exist

INFO  | 2022-08-18 23:12:07 | [main] internal.AbstractBatchImpl (AbstractBatchImpl.java:193) - HHH000010: On release of batch it still contained JDBC statements
ERROR | 2022-08-18 23:12:07 | [main] internal.ExceptionMapperStandardImpl (ExceptionMapperStandardImpl.java:39) - HHH000346: Error during managed flush [org.hibernate.exception.SQLGrammarException: could not execute statement]
INFO  | 2022-08-18 23:13:27 | [main] hibernate.Version (Version.java:45) - HHH000412: Hibernate Core {5.2.9.Final}
INFO  | 2022-08-18 23:13:27 | [main] cfg.Environment (Environment.java:213) - HHH000206: hibernate.properties not found
INFO  | 2022-08-18 23:13:27 | [main] java.JavaReflectionManager (JavaReflectionManager.java:66) - HCANN000001: Hibernate Commons Annotations {5.0.1.Final}
INFO  | 2022-08-18 23:13:27 | [main] dialect.Dialect (Dialect.java:157) - HHH000400: Using dialect: org.hibernate.dialect.Oracle10gDialect
WARN  | 2022-08-18 23:13:27 | [main] spi.SqlExceptionHelper (SqlExceptionHelper.java:129) - SQL Error: 942, SQLState: 42000
ERROR | 2022-08-18 23:13:27 | [main] spi.SqlExceptionHelper (SqlExceptionHelper.java:131) - ORA-00942: table or view does not exist

INFO  | 2022-08-18 23:13:27 | [main] internal.AbstractBatchImpl (AbstractBatchImpl.java:193) - HHH000010: On release of batch it still contained JDBC statements
ERROR | 2022-08-18 23:13:27 | [main] internal.ExceptionMapperStandardImpl (ExceptionMapperStandardImpl.java:39) - HHH000346: Error during managed flush [org.hibernate.exception.SQLGrammarException: could not execute statement]
INFO  | 2022-08-18 23:20:41 | [main] hibernate.Version (Version.java:45) - HHH000412: Hibernate Core {5.2.9.Final}
INFO  | 2022-08-18 23:20:41 | [main] cfg.Environment (Environment.java:213) - HHH000206: hibernate.properties not found
INFO  | 2022-08-18 23:20:41 | [main] java.JavaReflectionManager (JavaReflectionManager.java:66) - HCANN000001: Hibernate Commons Annotations {5.0.1.Final}
INFO  | 2022-08-18 23:20:41 | [main] dialect.Dialect (Dialect.java:157) - HHH000400: Using dialect: org.hibernate.dialect.Oracle10gDialect
WARN  | 2022-08-18 23:20:42 | [main] spi.SqlExceptionHelper (SqlExceptionHelper.java:129) - SQL Error: 942, SQLState: 42000
ERROR | 2022-08-18 23:20:42 | [main] spi.SqlExceptionHelper (SqlExceptionHelper.java:131) - ORA-00942: table or view does not exist

INFO  | 2022-08-18 23:20:42 | [main] internal.AbstractBatchImpl (AbstractBatchImpl.java:193) - HHH000010: On release of batch it still contained JDBC statements
ERROR | 2022-08-18 23:20:42 | [main] internal.ExceptionMapperStandardImpl (ExceptionMapperStandardImpl.java:39) - HHH000346: Error during managed flush [org.hibernate.exception.SQLGrammarException: could not execute statement]
INFO  | 2022-08-18 23:25:45 | [main] hibernate.Version (Version.java:45) - HHH000412: Hibernate Core {5.2.9.Final}
INFO  | 2022-08-18 23:25:45 | [main] cfg.Environment (Environment.java:213) - HHH000206: hibernate.properties not found
INFO  | 2022-08-18 23:25:45 | [main] java.JavaReflectionManager (JavaReflectionManager.java:66) - HCANN000001: Hibernate Commons Annotations {5.0.1.Final}
INFO  | 2022-08-18 23:25:46 | [main] dialect.Dialect (Dialect.java:157) - HHH000400: Using dialect: org.hibernate.dialect.Oracle10gDialect
